\BOOKMARK [1][-]{section.1}{Einf\374hrung}{}% 1
\BOOKMARK [2][-]{subsection.1.1}{Ziele}{section.1}% 2
\BOOKMARK [2][-]{subsection.1.2}{Abgrenzung}{section.1}% 3
\BOOKMARK [3][-]{subsubsection.1.2.1}{GDPR und der Datenschutz}{subsection.1.2}% 4
\BOOKMARK [3][-]{subsubsection.1.2.2}{Blockchain-Skalierung}{subsection.1.2}% 5
\BOOKMARK [3][-]{subsubsection.1.2.3}{Alternative Blockchain-Projekte}{subsection.1.2}% 6
\BOOKMARK [1][-]{section.2}{Implementierung}{}% 7
\BOOKMARK [2][-]{subsection.2.1}{OpenSource}{section.2}% 8
\BOOKMARK [2][-]{subsection.2.2}{Anwendungsf\344lle}{section.2}% 9
\BOOKMARK [2][-]{subsection.2.3}{Deutsche Rentenformel}{section.2}% 10
\BOOKMARK [2][-]{subsection.2.4}{Anwendungsarchitektur}{section.2}% 11
\BOOKMARK [2][-]{subsection.2.5}{Smart Contract Architektur}{section.2}% 12
\BOOKMARK [3][-]{subsubsection.2.5.1}{Anwendungsfall: Als Beitragszahler m\366chte ich jeden Monat in das Rentensystem einzahlen}{subsection.2.5}% 13
\BOOKMARK [3][-]{subsubsection.2.5.2}{Anwendungsfall: Als Rentner m\366chte ich jeden Monat eine Rente auszahlen}{subsection.2.5}% 14
\BOOKMARK [1][-]{section.3}{Gewonnenen Erkenntnisse}{}% 15
\BOOKMARK [2][-]{subsection.3.1}{Mathematische Operationen mittels SafeMath}{section.3}% 16
\BOOKMARK [2][-]{subsection.3.2}{Gleitkommaoperationen}{section.3}% 17
\BOOKMARK [2][-]{subsection.3.3}{Zeitkomplexit\344t von Smart Contract Methoden}{section.3}% 18
\BOOKMARK [2][-]{subsection.3.4}{Weitere Beschr\344nkungen bzgl. Smart Contract Programmierung}{section.3}% 19
\BOOKMARK [1][-]{section.4}{Fazit}{}% 20
\BOOKMARK [1][-]{section*.3}{Glossar}{}% 21
